

/******************************************************************************************
* WriteStepFile diagnostics.
* Date:                           Fri Jul 07 09:33:33 2023 
* Produced by:                    The EXPRESS Data Manager Version 5.02.0100.07 : 28 Aug 2013
* Module:                         EDMstepFileFactory/EDMstandAlone
* Host:                           DESKTOP-HSA7FC8
* Database:                       C:\Users\ASUS\AppData\Local\Temp\2a9210c5-4b8d-460d-b25c-7245240e53aa\9c8266dd-32f0-4be4-b896-b1748a6d4cc6\ifc
* Database version:               5507
* Database creation date:         Fri Jul 07 09:33:28 2023
* Model:                          DataRepository.ifc
* Model creation date:            Fri Jul 07 09:33:28 2023
* Header model:                   DataRepository.ifc_HeaderModel
* Header model creation date:     Fri Jul 07 09:33:28 2023
* Step file:                      revit.ifc
* EDMuser:                        sdai-user
* EDMgroup:                       sdai-group
* License ID and type:            5605 : Permanent license. Expiry date: 
* EDMstepFileFactory options:     020000
******************************************************************************************/


------------------------------------------------------------------------------------------------
Operation terminated successfully.
------------------------------------------------------------------------------------------------

